#
# A fatal error has been detected by the Java Runtime Environment:
#
#  EXCEPTION_ACCESS_VIOLATION (0xc0000005) at pc=0x0000000074e9214e, pid=5248, tid=4200
#
# JRE version: 6.0_17-b04
# Java VM: Java HotSpot(TM) 64-Bit Server VM (14.3-b01 mixed mode windows-amd64 )
# Problematic frame:
# C  [m_dispatcher.dll+0x1214e]
#
# If you would like to submit a bug report, please visit:
#   http://java.sun.com/webapps/bugreport/crash.jsp
# The crash happened outside the Java Virtual Machine in native code.
# See problematic frame for where to report the bug.
#

---------------  T H R E A D  ---------------

Current thread (0x000000000670d800):  JavaThread "main" [_thread_in_native, id=4200, stack(0x0000000000030000,0x0000000004030000)]

siginfo: ExceptionCode=0xc0000005, reading address 0x00000000000000e0

Registers:
EAX=0x0000000000000000, EBX=0x0000000141109908, ECX=0x0000000004029340, EDX=0x0000000000000007
ESP=0x000000000402cd08, EBP=0x000000000402d2f0, ESI=0x0000000000000000, EDI=0x00000000328087b0
EIP=0x0000000074e9214e, EFLAGS=0x0000000000010202

Top of Stack: (sp=0x000000000402cd08)
0x000000000402cd08:   0000000004650dc0 0000000000000000
0x000000000402cd18:   000000000402d020 0000000000000001
0x000000000402cd28:   000000000670e5a0 000000000670d800
0x000000000402cd38:   000000000402d050 0000000000000000
0x000000000402cd48:   0000000141109dc0 0000000000000000
0x000000000402cd58:   0000000004650d01 0000000141109908
0x000000000402cd68:   0000000000000000 0000000000000001
0x000000000402cd78:   0000000141109900 000000000402ce48
0x000000000402cd88:   0000000078a66215 000000000402cea0
0x000000000402cd98:   000000000402cf90 fffffffffffffffe
0x000000000402cda8:   000000523b189958 000000000670d800
0x000000000402cdb8:   000000000402f4f0 0000000077b0bc65
0x000000000402cdc8:   0000000078a76513 0000000000000202
0x000000000402cdd8:   000000000670e5a8 00000000066bf940
0x000000000402cde8:   000000000402d050 0000000003f69000
0x000000000402cdf8:   0000000075aa2239 0000000000000001 

Instructions: (pc=0x0000000074e9214e)
0x0000000074e9213e:   48 8b 89 60 04 00 00 48 85 c9 74 1c 48 8b 41 30
0x0000000074e9214e:   80 b8 e0 00 00 00 00 74 06 48 85 c9 74 0a c3 48 


Stack: [0x0000000000030000,0x0000000004030000],  sp=0x000000000402cd08,  free space=65523k
Native frames: (J=compiled Java code, j=interpreted, Vv=VM code, C=native code)
C  [m_dispatcher.dll+0x1214e]

Java frames: (J=compiled Java code, j=interpreted, Vv=VM code)
j  com.mathworks.jmi.NativeMatlab.SendMatlabMessage(Ljava/lang/Object;)Ljava/lang/Object;+0
j  com.mathworks.jmi.NativeMatlab.sendMatlabMessage(Ljava/lang/Object;)Ljava/lang/Object;+22
j  com.mathworks.jmi.MatlabLooper.sendMatlabMessage(Lcom/mathworks/services/message/MWMessage;)Ljava/lang/Object;+20
j  com.mathworks.jmi.Matlab.mtFevalConsoleOutput(Ljava/lang/String;[Ljava/lang/Object;I)Ljava/lang/Object;+58
j  com.mathworks.mde.desk.MLDesktop$8.run()V+14
j  com.mathworks.jmi.NativeMatlab.dispatchMTRequests(Z)V+57
v  ~StubRoutines::call_stub

---------------  P R O C E S S  ---------------

Java Threads: ( => current thread )
  0x0000000068d47800 JavaThread "Active Reference Queue Daemon" daemon [_thread_blocked, id=5444, stack(0x000000012d360000,0x0000000131360000)]
  0x0000000068d43000 JavaThread "Timer-2" daemon [_thread_blocked, id=2320, stack(0x0000000125360000,0x0000000129360000)]
  0x0000000068d4b000 JavaThread "Swing-Shell" daemon [_thread_blocked, id=4152, stack(0x0000000148030000,0x000000014c030000)]
  0x0000000068d46000 JavaThread "Foxtrot Single Worker Thread #1" daemon [_thread_blocked, id=4092, stack(0x0000000114000000,0x0000000118000000)]
  0x0000000068d4c800 JavaThread "Timer-1" daemon [_thread_blocked, id=5372, stack(0x00000000fc000000,0x0000000100000000)]
  0x0000000068d41000 JavaThread "com.jniwrapper.NativeResourceCollector" daemon [_thread_blocked, id=2468, stack(0x00000000dc000000,0x00000000e0000000)]
  0x0000000068d45800 JavaThread "ClipboardMonitor Timer" daemon [_thread_blocked, id=3840, stack(0x00000000e4000000,0x00000000e8000000)]
  0x0000000068d44800 JavaThread "Explorer NavigationContext request queue" daemon [_thread_blocked, id=5416, stack(0x00000000e0000000,0x00000000e4000000)]
  0x0000000068d42800 JavaThread "AddressBar directory emptiness poller" daemon [_thread_blocked, id=1076, stack(0x00000000d4000000,0x00000000d8000000)]
  0x0000000068d41800 JavaThread "Explorer Refresh Service 1848947536" daemon [_thread_blocked, id=6668, stack(0x00000000d0000000,0x00000000d4000000)]
  0x0000000068d40000 JavaThread "Thread-4" daemon [_thread_blocked, id=3952, stack(0x00000000c8000000,0x00000000cc000000)]
  0x0000000068d3f800 JavaThread "TimerQueue" daemon [_thread_blocked, id=792, stack(0x00000000c4000000,0x00000000c8000000)]
  0x0000000068d3f000 JavaThread "Prefs Updater" daemon [_thread_blocked, id=4696, stack(0x00000000c0000000,0x00000000c4000000)]
  0x0000000068d3e000 JavaThread "Thread-3" daemon [_thread_blocked, id=6648, stack(0x00000000b0000000,0x00000000b4000000)]
  0x0000000068d3d800 JavaThread "FelixPackageAdmin" daemon [_thread_blocked, id=5316, stack(0x00000000bc000000,0x00000000c0000000)]
  0x0000000068908000 JavaThread "FelixStartLevel" daemon [_thread_blocked, id=6700, stack(0x00000000b8000000,0x00000000bc000000)]
  0x0000000068a76800 JavaThread "FelixDispatchQueue" daemon [_thread_blocked, id=6348, stack(0x00000000b4000000,0x00000000b8000000)]
  0x00000000687b3000 JavaThread "AWT-EventQueue-0" [_thread_blocked, id=1256, stack(0x00000000ac000000,0x00000000b0000000)]
  0x0000000068913800 JavaThread "com.google.common.base.internal.Finalizer" daemon [_thread_blocked, id=6540, stack(0x00000000a8000000,0x00000000ac000000)]
  0x00000000688e9000 JavaThread "AWT-Windows" daemon [_thread_in_native, id=6280, stack(0x00000000a0000000,0x00000000a4000000)]
  0x00000000687e3000 JavaThread "AWT-Shutdown" [_thread_blocked, id=4880, stack(0x000000009c000000,0x00000000a0000000)]
  0x00000000687e2000 JavaThread "Java2D Disposer" daemon [_thread_blocked, id=6592, stack(0x0000000098000000,0x000000009c000000)]
  0x0000000068479000 JavaThread "Timer-0" [_thread_blocked, id=6000, stack(0x0000000094000000,0x0000000098000000)]
  0x0000000068353800 JavaThread "EventMgr Dispatcher" daemon [_thread_in_native, id=5992, stack(0x0000000090000000,0x0000000094000000)]
  0x000000005abd8000 JavaThread "Low Memory Detector" daemon [_thread_blocked, id=5280, stack(0x0000000088000000,0x000000008c000000)]
  0x000000005abd0800 JavaThread "CompilerThread1" daemon [_thread_blocked, id=6620, stack(0x0000000084000000,0x0000000088000000)]
  0x000000005abca800 JavaThread "CompilerThread0" daemon [_thread_blocked, id=6376, stack(0x0000000080000000,0x0000000084000000)]
  0x000000005abc9800 JavaThread "Attach Listener" daemon [_thread_blocked, id=1212, stack(0x000000006d990000,0x0000000071990000)]
  0x000000005ab6a800 JavaThread "Finalizer" daemon [_thread_blocked, id=6600, stack(0x0000000069540000,0x000000006d540000)]
  0x000000005ab69800 JavaThread "Reference Handler" daemon [_thread_blocked, id=5688, stack(0x0000000063ab0000,0x0000000067ab0000)]
=>0x000000000670d800 JavaThread "main" [_thread_in_native, id=4200, stack(0x0000000000030000,0x0000000004030000)]

Other Threads:
  0x000000005ab66800 VMThread [stack: 0x000000005f100000,0x0000000063100000] [id=5432]
  0x000000005ac0e800 WatcherThread [stack: 0x000000008c000000,0x0000000090000000] [id=3692]

VM state:not at safepoint (normal execution)

VM Mutex/Monitor currently owned by a thread: None

Heap
 PSYoungGen      total 15360K, used 8469K [0x00000000479c0000, 0x00000000489c0000, 0x000000004aac0000)
  eden space 14400K, 57% used [0x00000000479c0000,0x00000000481dd440,0x00000000487d0000)
  from space 960K, 16% used [0x00000000487d0000,0x00000000487f8000,0x00000000488c0000)
  to   space 960K, 0% used [0x00000000488d0000,0x00000000488d0000,0x00000000489c0000)
 PSOldGen        total 82880K, used 67705K [0x000000003e6c0000, 0x00000000437b0000, 0x00000000479c0000)
  object space 82880K, 81% used [0x000000003e6c0000,0x00000000428de700,0x00000000437b0000)
 PSPermGen       total 124032K, used 76852K [0x00000000366c0000, 0x000000003dfe0000, 0x000000003e6c0000)
  object space 124032K, 61% used [0x00000000366c0000,0x000000003b1cd288,0x000000003dfe0000)

Dynamic libraries:
0x0000000140000000 - 0x0000000140028000 	C:\Program Files\MATLAB\R2013a\bin\win64\MATLAB.exe
0x0000000077ac0000 - 0x0000000077c6a000 	C:\Windows\SYSTEM32\ntdll.dll
0x00000000778a0000 - 0x00000000779bf000 	C:\Windows\system32\kernel32.dll
0x000007fefd7e0000 - 0x000007fefd84a000 	C:\Windows\system32\KERNELBASE.dll
0x0000000074460000 - 0x0000000074515000 	C:\Program Files\MATLAB\R2013a\bin\win64\libut.dll
0x00000000758a0000 - 0x000000007595f000 	C:\Program Files\MATLAB\R2013a\bin\win64\libmwi18n.dll
0x0000000180000000 - 0x000000018000d000 	C:\Program Files\MATLAB\R2013a\bin\win64\libmwresource_core.dll
0x0000000068000000 - 0x0000000068098000 	C:\Program Files\MATLAB\R2013a\bin\win64\MSVCP100.dll
0x0000000067f20000 - 0x0000000067ff2000 	C:\Program Files\MATLAB\R2013a\bin\win64\MSVCR100.dll
0x0000000069530000 - 0x000000006953e000 	C:\Program Files\MATLAB\R2013a\bin\win64\boost_date_time-vc100-mt-1_49.dll
0x0000000067ee0000 - 0x0000000067f0c000 	C:\Program Files\MATLAB\R2013a\bin\win64\boost_filesystem-vc100-mt-1_49.dll
0x0000000069520000 - 0x0000000069529000 	C:\Program Files\MATLAB\R2013a\bin\win64\boost_system-vc100-mt-1_49.dll
0x000007fefdd60000 - 0x000007fefde3b000 	C:\Windows\system32\ADVAPI32.dll
0x000007fefdf20000 - 0x000007fefdfbf000 	C:\Windows\system32\msvcrt.dll
0x000007feffc90000 - 0x000007feffcaf000 	C:\Windows\SYSTEM32\sechost.dll
0x000007feff4a0000 - 0x000007feff5cd000 	C:\Windows\system32\RPCRT4.dll
0x0000000067eb0000 - 0x0000000067ed5000 	C:\Program Files\MATLAB\R2013a\bin\win64\LIBEXPAT.dll
0x000000005ef70000 - 0x000000005f0fa000 	C:\Program Files\MATLAB\R2013a\bin\win64\icuin49.dll
0x0000000063970000 - 0x0000000063aae000 	C:\Program Files\MATLAB\R2013a\bin\win64\icuuc49.dll
0x000000005c590000 - 0x000000005d6b2000 	C:\Program Files\MATLAB\R2013a\bin\win64\icudt49.dll
0x0000000067ea0000 - 0x0000000067eb0000 	C:\Program Files\MATLAB\R2013a\bin\win64\icuio49.dll
0x0000000073f70000 - 0x0000000074112000 	C:\Program Files\MATLAB\R2013a\bin\win64\libmwfl.dll
0x000000007a350000 - 0x000000007a737000 	C:\Program Files\MATLAB\R2013a\bin\win64\libmwMATLAB_res.dll
0x000000005ece0000 - 0x000000005edbf000 	C:\Program Files\MATLAB\R2013a\bin\win64\boost_regex-vc100-mt-1_49.dll
0x00000000779c0000 - 0x0000000077aba000 	C:\Windows\system32\USER32.dll
0x000007feff900000 - 0x000007feff967000 	C:\Windows\system32\GDI32.dll
0x000007feffdc0000 - 0x000007feffdce000 	C:\Windows\system32\LPK.dll
0x000007fefdb70000 - 0x000007fefdc3b000 	C:\Windows\system32\USP10.dll
0x0000000067e80000 - 0x0000000067e91000 	C:\Program Files\MATLAB\R2013a\bin\win64\boost_signals-vc100-mt-1_49.dll
0x0000000067e60000 - 0x0000000067e71000 	C:\Program Files\MATLAB\R2013a\bin\win64\boost_thread-vc100-mt-1_49.dll
0x000007fef6310000 - 0x000007fef639c000 	C:\Program Files\MATLAB\R2013a\bin\win64\boost_log-vc100-mt-1_49.dll
0x0000000077c90000 - 0x0000000077c97000 	C:\Windows\system32\PSAPI.DLL
0x000007fefdd10000 - 0x000007fefdd5d000 	C:\Windows\system32\WS2_32.dll
0x000007feff970000 - 0x000007feff978000 	C:\Windows\system32\NSI.dll
0x000007fef4ca0000 - 0x000007fef4cd3000 	C:\Program Files\MATLAB\R2013a\bin\win64\tbb.dll
0x000007fefdcc0000 - 0x000007fefdcd9000 	C:\Windows\system32\imagehlp.dll
0x000007fefc5e0000 - 0x000007fefc60c000 	C:\Windows\system32\POWRPROF.dll
0x000007feff2c0000 - 0x000007feff497000 	C:\Windows\system32\SETUPAPI.dll
0x000007fefd860000 - 0x000007fefd896000 	C:\Windows\system32\CFGMGR32.dll
0x000007fefde40000 - 0x000007fefdf1a000 	C:\Windows\system32\OLEAUT32.dll
0x000007fefe290000 - 0x000007fefe48c000 	C:\Windows\system32\ole32.dll
0x000007fefd9e0000 - 0x000007fefd9fa000 	C:\Windows\system32\DEVOBJ.dll
0x0000000004110000 - 0x0000000004131000 	C:\Program Files\MATLAB\R2013a\bin\win64\libmwmfl_scalar.dll
0x000007fef9af0000 - 0x000007fef9c15000 	C:\Windows\system32\dbghelp.dll
0x0000000004290000 - 0x00000000045bf000 	C:\Program Files\MATLAB\R2013a\bin\win64\libmwservices.dll
0x0000000075a20000 - 0x0000000075b0b000 	C:\Program Files\MATLAB\R2013a\bin\win64\libmx.dll
0x000007fef4c70000 - 0x000007fef4c98000 	C:\Program Files\MATLAB\R2013a\bin\win64\tbbmalloc.dll
0x0000000067e40000 - 0x0000000067e57000 	C:\Program Files\MATLAB\R2013a\bin\win64\zlib1.dll
0x0000000004140000 - 0x000000000418e000 	C:\Program Files\MATLAB\R2013a\bin\win64\libmwregexp.dll
0x0000000075f10000 - 0x0000000075f57000 	C:\Program Files\MATLAB\R2013a\bin\win64\mpath.dll
0x000000007b680000 - 0x000000007bc66000 	C:\Program Files\MATLAB\R2013a\bin\win64\mlutil.dll
0x00000000754d0000 - 0x0000000075547000 	C:\Program Files\MATLAB\R2013a\bin\win64\xmlcore.dll
0x000000005ea90000 - 0x000000005ecd1000 	C:\Program Files\MATLAB\R2013a\bin\win64\xerces-c_2_7.dll
0x00000000045d0000 - 0x00000000045f2000 	C:\Program Files\MATLAB\R2013a\bin\win64\libmwMATLAB_settings_res.dll
0x000007fefbdd0000 - 0x000007fefbde0000 	C:\Program Files\MATLAB\R2013a\bin\win64\boost_iostreams-vc100-mt-1_49.dll
0x000007fef4c20000 - 0x000007fef4c66000 	C:\Program Files\MATLAB\R2013a\bin\win64\boost_serialization-vc100-mt-1_49.dll
0x000007fefe530000 - 0x000007feff2bb000 	C:\Windows\system32\SHELL32.dll
0x000007fefdc40000 - 0x000007fefdcb1000 	C:\Windows\system32\SHLWAPI.dll
0x0000000004600000 - 0x0000000004606000 	C:\Program Files\MATLAB\R2013a\bin\win64\libmwnativedisplay.dll
0x000007fefa670000 - 0x000007fefa710000 	C:\Windows\WinSxS\amd64_microsoft.windows.common-controls_6595b64144ccf1df_5.82.7601.18837_none_a4d981ff711297b6\COMCTL32.dll
0x000007feffb70000 - 0x000007feffc07000 	C:\Windows\system32\COMDLG32.dll
0x000007fefc170000 - 0x000007fefc186000 	C:\Windows\system32\NETAPI32.dll
0x000007fefcc10000 - 0x000007fefcc1c000 	C:\Windows\system32\netutils.dll
0x000007fefd350000 - 0x000007fefd373000 	C:\Windows\system32\srvcli.dll
0x000007fefc150000 - 0x000007fefc165000 	C:\Windows\system32\wkscli.dll
0x0000000074970000 - 0x0000000074a18000 	C:\Program Files\MATLAB\R2013a\bin\win64\mcr.dll
0x0000000075000000 - 0x00000000753b1000 	C:\Program Files\MATLAB\R2013a\bin\win64\iqm.dll
0x0000000074e80000 - 0x0000000074f30000 	C:\Program Files\MATLAB\R2013a\bin\win64\m_dispatcher.dll
0x0000000004610000 - 0x0000000004e18000 	C:\Program Files\MATLAB\R2013a\bin\win64\m_interpreter.dll
0x0000000004e20000 - 0x0000000004e44000 	C:\Program Files\MATLAB\R2013a\bin\win64\libmex.dll
0x0000000075430000 - 0x00000000754ab000 	C:\Program Files\MATLAB\R2013a\bin\win64\profiler.dll
0x0000000004e50000 - 0x00000000050d3000 	C:\Program Files\MATLAB\R2013a\bin\win64\libmwmathutil.dll
0x0000000079f40000 - 0x0000000079f66000 	C:\Program Files\MATLAB\R2013a\bin\win64\libmwmathrng.dll
0x00000000050e0000 - 0x00000000050f0000 	C:\Program Files\MATLAB\R2013a\bin\win64\libmwmfl_rng.dll
0x0000000074c10000 - 0x0000000074cf8000 	C:\Program Files\MATLAB\R2013a\bin\win64\libmwmathcore.dll
0x0000000076160000 - 0x00000000761c3000 	C:\Program Files\MATLAB\R2013a\bin\win64\libmwspmatrix.dll
0x000000007b0a0000 - 0x000000007b2f6000 	C:\Program Files\MATLAB\R2013a\bin\win64\mcos.dll
0x0000000075ea0000 - 0x0000000075f02000 	C:\Program Files\MATLAB\R2013a\bin\win64\libmwcholmod.dll
0x0000000005100000 - 0x000000000510d000 	C:\Program Files\MATLAB\R2013a\bin\win64\libmwamd.dll
0x0000000005120000 - 0x00000000051c3000 	C:\Windows\WinSxS\amd64_microsoft.vc90.crt_1fc8b3b9a1e18e3b_9.0.30729.6161_none_08e61857a83bc251\MSVCR90.dll
0x00000000051d0000 - 0x00000000051dc000 	C:\Program Files\MATLAB\R2013a\bin\win64\libmwcolamd.dll
0x000000007a290000 - 0x000000007a2a3000 	C:\Program Files\MATLAB\R2013a\bin\win64\libmwblas.dll
0x000000007a310000 - 0x000000007a325000 	C:\Program Files\MATLAB\R2013a\bin\win64\libmwbinder.dll
0x00000000051f0000 - 0x00000000051fb000 	C:\Program Files\MATLAB\R2013a\bin\win64\libmwompwrapper.dll
0x0000000075820000 - 0x000000007589e000 	C:\Program Files\MATLAB\R2013a\bin\win64\libmwlapack.dll
0x000000007a1b0000 - 0x000000007a1d0000 	C:\Program Files\MATLAB\R2013a\bin\win64\m_pcodeio.dll
0x0000000079b10000 - 0x0000000079b6c000 	C:\Program Files\MATLAB\R2013a\bin\win64\m_ir.dll
0x0000000078ed0000 - 0x0000000079579000 	C:\Program Files\MATLAB\R2013a\bin\win64\m_parser.dll
0x000000007a2f0000 - 0x000000007a307000 	C:\Program Files\MATLAB\R2013a\bin\win64\ir_xfmr.dll
0x0000000005200000 - 0x0000000005210000 	C:\Program Files\MATLAB\R2013a\bin\win64\mtok.dll
0x000000007a130000 - 0x000000007a158000 	C:\Program Files\MATLAB\R2013a\bin\win64\m_pcodegen.dll
0x0000000079fb0000 - 0x0000000079fdf000 	C:\Program Files\MATLAB\R2013a\bin\win64\libmwbridge.dll
0x0000000074f40000 - 0x0000000074ff6000 	C:\Program Files\MATLAB\R2013a\bin\win64\udd.dll
0x0000000073cc0000 - 0x0000000073e0e000 	C:\Program Files\MATLAB\R2013a\bin\win64\libmwgui.dll
0x000000007a1d0000 - 0x000000007a1f4000 	C:\Program Files\MATLAB\R2013a\bin\win64\graphics_util.dll
0x000007feeeaa0000 - 0x000007feeeb58000 	C:\Program Files\MATLAB\R2013a\bin\win64\libtex_base.dll
0x0000000005210000 - 0x0000000005b53000 	C:\Program Files\MATLAB\R2013a\bin\win64\hg.dll
0x0000000076100000 - 0x000000007615a000 	C:\Program Files\MATLAB\R2013a\bin\win64\libmat.dll
0x0000000072d30000 - 0x0000000072f38000 	C:\Program Files\MATLAB\R2013a\bin\win64\hdf5dll.dll
0x0000000075710000 - 0x00000000757d8000 	C:\Program Files\MATLAB\R2013a\bin\win64\jmi.dll
0x0000000005b70000 - 0x0000000005b7e000 	C:\Program Files\MATLAB\R2013a\bin\win64\nativejava_services.dll
0x0000000005b80000 - 0x0000000005bc0000 	C:\Program Files\MATLAB\R2013a\bin\win64\libmwhardcopy.dll
0x0000000075c70000 - 0x0000000075cce000 	C:\Program Files\MATLAB\R2013a\bin\win64\libuij.dll
0x0000000072f50000 - 0x000000007318f000 	C:\Program Files\MATLAB\R2013a\bin\win64\hgdatatypes.dll
0x0000000005bc0000 - 0x0000000005cab000 	C:\Program Files\MATLAB\R2013a\bin\win64\hgutils.dll
0x0000000005cb0000 - 0x0000000005d5e000 	C:\Program Files\MATLAB\R2013a\bin\win64\udd_mi.dll
0x0000000005d60000 - 0x0000000005d96000 	C:\Program Files\MATLAB\R2013a\bin\win64\libmwgbtutils.dll
0x0000000005da0000 - 0x0000000005db4000 	C:\Program Files\MATLAB\R2013a\bin\win64\libmwgbt.dll
0x0000000005dc0000 - 0x000000000608e000 	C:\Program Files\MATLAB\R2013a\bin\win64\uiw.dll
0x0000000006090000 - 0x0000000006099000 	C:\Program Files\MATLAB\R2013a\bin\win64\uinone.dll
0x00000000060a0000 - 0x00000000060c6000 	C:\Program Files\MATLAB\R2013a\bin\win64\libmwnativefiledialogs.dll
0x00000000060d0000 - 0x00000000060dc000 	C:\Program Files\MATLAB\R2013a\bin\win64\libmwplatform_res.dll
0x000007fefa1e0000 - 0x000007fefa1f8000 	C:\Windows\system32\MPR.dll
0x000000005e530000 - 0x000000005ea8d000 	C:\Program Files\MATLAB\R2013a\bin\win64\mfc100.dll
0x000007fefa660000 - 0x000007fefa667000 	C:\Windows\system32\MSIMG32.dll
0x000007fefa5e0000 - 0x000007fefa651000 	C:\Windows\system32\WINSPOOL.DRV
0x00000000060e0000 - 0x00000000060fd000 	C:\Program Files\MATLAB\R2013a\bin\win64\mwoles05.DLL
0x0000000006100000 - 0x000000000616c000 	C:\Program Files\MATLAB\R2013a\bin\win64\comcli.dll
0x0000000067e10000 - 0x0000000067e3b000 	C:\Program Files\MATLAB\R2013a\bin\win64\ATL100.DLL
0x0000000006170000 - 0x000000000617c000 	C:\Program Files\MATLAB\R2013a\bin\win64\mlautoregister.dll
0x0000000006180000 - 0x00000000062d6000 	C:\Program Files\MATLAB\R2013a\bin\win64\mvm.dll
0x000007fefd6a0000 - 0x000007fefd6f7000 	C:\Windows\system32\apphelp.dll
0x000007fee8170000 - 0x000007fee81c1000 	C:\Windows\AppPatch\AppPatch64\AcGenral.DLL
0x000007fefd5c0000 - 0x000007fefd5e5000 	C:\Windows\system32\SspiCli.dll
0x000000006d980000 - 0x000000006d983000 	C:\Windows\system32\sfc.dll
0x000007fef8d50000 - 0x000007fef8d60000 	C:\Windows\system32\sfc_os.DLL
0x000007fefd8a0000 - 0x000007fefd8be000 	C:\Windows\system32\USERENV.dll
0x000007fefd7c0000 - 0x000007fefd7cf000 	C:\Windows\system32\profapi.dll

VM Arguments:
jvm_args: -XX:PermSize=32m -Xms64m -XX:NewRatio=3 -XX:MaxPermSize=128m -Xmx196m -XX:MaxDirectMemorySize=2147400000 -Dsun.java2d.noddraw=true -Dsun.awt.nopixfmt=true -Xshare:off -Xrs -Dsun.awt.disableMixing=true -Djava.library.path=C:\Program Files\MATLAB\R2013a\bin\win64;C:\Program Files\MATLAB\R2013a\sys\jxbrowser\win64\lib vfprintf abort 
java_command: <unknown>
Launcher Type: generic

Environment Variables:
PATH=C:\Program Files\Microsoft MPI\Bin\;C:\Program Files (x86)\INRO\Emme\Emme 4\Emme-4.0.8\programs;C:\Program Files\Common Files\Siemens\Automation\Simatic OAM\bin;c:\Windows\System32;c:\Windows\System32\wbem;c:\Windows\System32\WINDOW~1\v1.0;c:\Windows;C:\PROGRA~3\Oracle\Java\javapath;c:\PROGRA~1\TORTOI~1\bin;c:\PROGRA~1\COMMON~1\AUTODE~1;c:\PROGRA~2\Autodesk\BACKBU~1;C:\oraclexe\app\oracle\product\112~1.0\server\bin;C:\PROGRA~2\MI3EDC~1\80\Tools\Binn;C:\PROGRA~2\COMMON~1\ASPENT~1\;C:\PROGRA~2\MPICH2\bin;C:\PROGRA~2\MICROS~2.NET\ASP~1.NET\v1.0;C:\PROGRA~2\WI3CF2~1\8.0\WINDOW~1;C:\PROGRA~2\IVIFOU~1\IVI\Bin;C:\PROGRA~1\IVIFOU~1\IVI\Bin;C:\PROGRA~2\IVIFOU~1\VISA\WinNT\Bin;C:\PROGRA~1\IVIFOU~1\VISA\Win64\Bin;C:\Tcl\bin;C:\IFOR\WIN\BIN;C:\IFOR\WIN\BIN\EN_US;C:\PROGRA~2\IVIFOU~1\VISA\WinNT\Bin;C:\PROGRA~2\MI3EDC~1\110\Tools\Binn;C:\PROGRA~1\MI3EDC~1\110\Tools\Binn;C:\PROGRA~1\MI3EDC~1\110\DTS\Binn;C:\PROGRA~2\MI3EDC~1\110\Tools\Binn\MANAGE~1;C:\PROGRA~2\MI3EDC~1\110\DTS\Binn;C:\Program Files\Common Files\Autodesk Shared\;C:\Program Files (x86)\Autodesk\Backburner\;C:\Program Files (x86)\OMICRON\Test Universe\Apps\;C:\Program Files (x86)\Common Files\Siemens\Energy\TimeZoneCalculations\bin;C:\Windows\Microsoft.NET\Framework\v2.0.50727;C:\Program Files (x86)\Windows Kits\8.1\Windows Performance Toolkit\;C:\Program Files\MATLAB\R2015a\runtime\win64;C:\Program Files\MATLAB\R2015a\bin;C:\Program Files\Microsoft SQL Server\110\Tools\Binn\;c:\Program Files (x86)\Microsoft SQL Server\110\Tools\Binn\ManagementStudio\;c:\Program Files (x86)\Microsoft SQL Server\110\Tools\Binn\;c:\Program Files (x86)\Microsoft SQL Server\110\DTS\Binn\;C:\Program Files\MATLAB\R2013b\runtime\win64;C:\Program Files\MATLAB\R2013b\bin;C:\Program Files\MATLAB\R2013a\runtime\win64;C:\Program Files\MATLAB\R2013a\bin;AspenTech\Aspen Hydraulics
USERNAME=s4358046
DISPLAY=:0.0
OS=Windows_NT
PROCESSOR_IDENTIFIER=Intel64 Family 6 Model 45 Stepping 7, GenuineIntel



---------------  S Y S T E M  ---------------

OS: Windows 7 Build 7601 Service Pack 1

CPU:total 4 (16 cores per cpu, 2 threads per core) family 6 model 45 stepping 7, cmov, cx8, fxsr, mmx, sse, sse2, sse3, ssse3, sse4.1, sse4.2, ht

Memory: 4k page, physical 8345332k(2915600k free), swap 12537776k(7318880k free)

vm_info: Java HotSpot(TM) 64-Bit Server VM (14.3-b01) for windows-amd64 JRE (1.6.0_17-b04), built on Oct 11 2009 00:46:08 by "java_re" with MS VC++ 8.0

time: Mon Sep 18 09:19:45 2017
elapsed time: 2826 seconds

