#
# A fatal error has been detected by the Java Runtime Environment:
#
#  EXCEPTION_ACCESS_VIOLATION (0xc0000005) at pc=0x0000000074e9214e, pid=1388, tid=3204
#
# JRE version: 6.0_17-b04
# Java VM: Java HotSpot(TM) 64-Bit Server VM (14.3-b01 mixed mode windows-amd64 )
# Problematic frame:
# C  [m_dispatcher.dll+0x1214e]
#
# If you would like to submit a bug report, please visit:
#   http://java.sun.com/webapps/bugreport/crash.jsp
# The crash happened outside the Java Virtual Machine in native code.
# See problematic frame for where to report the bug.
#

---------------  T H R E A D  ---------------

Current thread (0x00000000065dd800):  JavaThread "main" [_thread_in_native, id=3204, stack(0x0000000000030000,0x0000000004030000)]

siginfo: ExceptionCode=0xc0000005, reading address 0x00000000000000de

Registers:
EAX=0xfffffffffffffffe, EBX=0x00000001208ebe08, ECX=0x000000000402deb0, EDX=0x0000000000000007
ESP=0x000000000402cd08, EBP=0x000000000402d2f0, ESI=0x0000000000000000, EDI=0x00000000093ef700
EIP=0x0000000074e9214e, EFLAGS=0x0000000000010202

Top of Stack: (sp=0x000000000402cd08)
0x000000000402cd08:   0000000004650dc0 0000071000000000
0x000000000402cd18:   000000000402d020 0000000000000001
0x000000000402cd28:   00000000065de4f0 00000000065dd800
0x000000000402cd38:   000000000402d050 0000000000000000
0x000000000402cd48:   00000001208ec0e0 0000000000000000
0x000000000402cd58:   0000000004650d01 00000001208ebe08
0x000000000402cd68:   0000000000000000 0000000000000001
0x000000000402cd78:   00000001208ebe00 000000000402ce48
0x000000000402cd88:   0000000078a66215 0000000000000000
0x000000000402cd98:   0000000000000000 fffffffffffffffe
0x000000000402cda8:   000000003b1d48d0 00000000065dd800
0x000000000402cdb8:   0000000000000000 0000000000000000
0x000000000402cdc8:   0000000078a76513 0000000074e827bb
0x000000000402cdd8:   00000000065de4f8 000000000676f830
0x000000000402cde8:   000000000402d050 000000003333e718
0x000000000402cdf8:   0000000075aa2239 0000000000000001 

Instructions: (pc=0x0000000074e9214e)
0x0000000074e9213e:   48 8b 89 60 04 00 00 48 85 c9 74 1c 48 8b 41 30
0x0000000074e9214e:   80 b8 e0 00 00 00 00 74 06 48 85 c9 74 0a c3 48 


Stack: [0x0000000000030000,0x0000000004030000],  sp=0x000000000402cd08,  free space=65523k
Native frames: (J=compiled Java code, j=interpreted, Vv=VM code, C=native code)
C  [m_dispatcher.dll+0x1214e]

Java frames: (J=compiled Java code, j=interpreted, Vv=VM code)
j  com.mathworks.jmi.NativeMatlab.SendMatlabMessage(Ljava/lang/Object;)Ljava/lang/Object;+0
j  com.mathworks.jmi.NativeMatlab.sendMatlabMessage(Ljava/lang/Object;)Ljava/lang/Object;+22
j  com.mathworks.jmi.MatlabLooper.sendMatlabMessage(Lcom/mathworks/services/message/MWMessage;)Ljava/lang/Object;+20
j  com.mathworks.jmi.Matlab.mtFevalConsoleOutput(Ljava/lang/String;[Ljava/lang/Object;I)Ljava/lang/Object;+58
j  com.mathworks.mde.desk.MLDesktop$8.run()V+14
j  com.mathworks.jmi.NativeMatlab.dispatchMTRequests(Z)V+57
v  ~StubRoutines::call_stub

---------------  P R O C E S S  ---------------

Java Threads: ( => current thread )
  0x00000000628d7800 JavaThread "Explorer NavigationContext request queue" daemon [_thread_blocked, id=6240, stack(0x000000015aa70000,0x000000015ea70000)]
  0x00000000628db000 JavaThread "Swing-Shell" daemon [_thread_blocked, id=6172, stack(0x000000011c000000,0x0000000120000000)]
  0x00000000628d3000 JavaThread "Timer-1" daemon [_thread_blocked, id=8044, stack(0x0000000100000000,0x0000000104000000)]
  0x00000000628d4800 JavaThread "com.jniwrapper.NativeResourceCollector" daemon [_thread_blocked, id=8072, stack(0x00000000cc000000,0x00000000d0000000)]
  0x00000000628d9000 JavaThread "ClipboardMonitor Timer" daemon [_thread_blocked, id=7252, stack(0x00000000e8000000,0x00000000ec000000)]
  0x00000000628d6000 JavaThread "AddressBar directory emptiness poller" daemon [_thread_blocked, id=5004, stack(0x00000000dc000000,0x00000000e0000000)]
  0x00000000628d5000 JavaThread "Explorer Refresh Service 439037176" daemon [_thread_blocked, id=7388, stack(0x00000000d8000000,0x00000000dc000000)]
  0x00000000628d4000 JavaThread "Thread-4" daemon [_thread_blocked, id=7672, stack(0x00000000d0000000,0x00000000d4000000)]
  0x00000000628d1800 JavaThread "TimerQueue" daemon [_thread_blocked, id=5964, stack(0x00000000c4000000,0x00000000c8000000)]
  0x00000000628d1000 JavaThread "Thread-3" daemon [_thread_blocked, id=5076, stack(0x00000000b4000000,0x00000000b8000000)]
  0x00000000628d0000 JavaThread "AWT-EventQueue-0" [_thread_blocked, id=7912, stack(0x00000000b0000000,0x00000000b4000000)]
  0x00000000628cf800 JavaThread "AWT-Shutdown" [_thread_blocked, id=692, stack(0x00000000a0000000,0x00000000a4000000)]
  0x00000000628ce800 JavaThread "FelixPackageAdmin" daemon [_thread_blocked, id=2204, stack(0x00000000c0000000,0x00000000c4000000)]
  0x000000006278b000 JavaThread "FelixStartLevel" daemon [_thread_blocked, id=5584, stack(0x00000000bc000000,0x00000000c0000000)]
  0x000000006278a000 JavaThread "FelixDispatchQueue" daemon [_thread_blocked, id=7624, stack(0x00000000b8000000,0x00000000bc000000)]
  0x0000000062628800 JavaThread "com.google.common.base.internal.Finalizer" daemon [_thread_blocked, id=4220, stack(0x00000000ac000000,0x00000000b0000000)]
  0x00000000625c8800 JavaThread "AWT-Windows" daemon [_thread_in_native, id=4580, stack(0x00000000a4000000,0x00000000a8000000)]
  0x00000000625c7000 JavaThread "Java2D Disposer" daemon [_thread_blocked, id=5000, stack(0x000000009c000000,0x00000000a0000000)]
  0x000000006219e800 JavaThread "Timer-0" [_thread_blocked, id=5716, stack(0x0000000098000000,0x000000009c000000)]
  0x00000000620c3800 JavaThread "EventMgr Dispatcher" daemon [_thread_in_native, id=4624, stack(0x0000000094000000,0x0000000098000000)]
  0x000000005b206800 JavaThread "Low Memory Detector" daemon [_thread_blocked, id=7276, stack(0x000000008c000000,0x0000000090000000)]
  0x000000005b1fe800 JavaThread "CompilerThread1" daemon [_thread_blocked, id=3236, stack(0x0000000088000000,0x000000008c000000)]
  0x000000005b1f8800 JavaThread "CompilerThread0" daemon [_thread_blocked, id=5976, stack(0x0000000084000000,0x0000000088000000)]
  0x000000005b1f6800 JavaThread "Attach Listener" daemon [_thread_blocked, id=4576, stack(0x0000000080000000,0x0000000084000000)]
  0x000000005b1d9800 JavaThread "Finalizer" daemon [_thread_blocked, id=2148, stack(0x000000006c2d0000,0x00000000702d0000)]
  0x000000005b1d9000 JavaThread "Reference Handler" daemon [_thread_blocked, id=6496, stack(0x0000000066c20000,0x000000006ac20000)]
=>0x00000000065dd800 JavaThread "main" [_thread_in_native, id=3204, stack(0x0000000000030000,0x0000000004030000)]

Other Threads:
  0x000000005b1d6000 VMThread [stack: 0x000000005caa0000,0x0000000060aa0000] [id=4724]
  0x000000005b23a000 WatcherThread [stack: 0x0000000090000000,0x0000000094000000] [id=6536]

VM state:not at safepoint (normal execution)

VM Mutex/Monitor currently owned by a thread: None

Heap
 PSYoungGen      total 15424K, used 6895K [0x0000000047db0000, 0x0000000048db0000, 0x000000004aeb0000)
  eden space 14400K, 47% used [0x0000000047db0000,0x000000004845be50,0x0000000048bc0000)
  from space 1024K, 6% used [0x0000000048cb0000,0x0000000048cc0000,0x0000000048db0000)
  to   space 960K, 0% used [0x0000000048bc0000,0x0000000048bc0000,0x0000000048cb0000)
 PSOldGen        total 103616K, used 73874K [0x000000003eab0000, 0x0000000044fe0000, 0x0000000047db0000)
  object space 103616K, 71% used [0x000000003eab0000,0x00000000432d4980,0x0000000044fe0000)
 PSPermGen       total 128192K, used 73581K [0x0000000036ab0000, 0x000000003e7e0000, 0x000000003eab0000)
  object space 128192K, 57% used [0x0000000036ab0000,0x000000003b28b600,0x000000003e7e0000)

Dynamic libraries:
0x0000000140000000 - 0x0000000140028000 	C:\Program Files\MATLAB\R2013a\bin\win64\MATLAB.exe
0x0000000076d00000 - 0x0000000076eaa000 	C:\Windows\SYSTEM32\ntdll.dll
0x0000000076ae0000 - 0x0000000076bff000 	C:\Windows\system32\kernel32.dll
0x000007fefccc0000 - 0x000007fefcd2a000 	C:\Windows\system32\KERNELBASE.dll
0x0000000074460000 - 0x0000000074515000 	C:\Program Files\MATLAB\R2013a\bin\win64\libut.dll
0x00000000758a0000 - 0x000000007595f000 	C:\Program Files\MATLAB\R2013a\bin\win64\libmwi18n.dll
0x0000000180000000 - 0x000000018000d000 	C:\Program Files\MATLAB\R2013a\bin\win64\libmwresource_core.dll
0x0000000064670000 - 0x0000000064708000 	C:\Program Files\MATLAB\R2013a\bin\win64\MSVCP100.dll
0x0000000063850000 - 0x0000000063922000 	C:\Program Files\MATLAB\R2013a\bin\win64\MSVCR100.dll
0x0000000066c10000 - 0x0000000066c1e000 	C:\Program Files\MATLAB\R2013a\bin\win64\boost_date_time-vc100-mt-1_49.dll
0x0000000064310000 - 0x000000006433c000 	C:\Program Files\MATLAB\R2013a\bin\win64\boost_filesystem-vc100-mt-1_49.dll
0x0000000066980000 - 0x0000000066989000 	C:\Program Files\MATLAB\R2013a\bin\win64\boost_system-vc100-mt-1_49.dll
0x000007fefe680000 - 0x000007fefe75b000 	C:\Windows\system32\ADVAPI32.dll
0x000007fefd330000 - 0x000007fefd3cf000 	C:\Windows\system32\msvcrt.dll
0x000007fefd3d0000 - 0x000007fefd3ef000 	C:\Windows\SYSTEM32\sechost.dll
0x000007fefe830000 - 0x000007fefe95d000 	C:\Windows\system32\RPCRT4.dll
0x0000000063820000 - 0x0000000063845000 	C:\Program Files\MATLAB\R2013a\bin\win64\LIBEXPAT.dll
0x00000000635c0000 - 0x000000006374a000 	C:\Program Files\MATLAB\R2013a\bin\win64\icuin49.dll
0x0000000063480000 - 0x00000000635be000 	C:\Program Files\MATLAB\R2013a\bin\win64\icuuc49.dll
0x000000005b970000 - 0x000000005ca92000 	C:\Program Files\MATLAB\R2013a\bin\win64\icudt49.dll
0x0000000064f20000 - 0x0000000064f30000 	C:\Program Files\MATLAB\R2013a\bin\win64\icuio49.dll
0x0000000073f70000 - 0x0000000074112000 	C:\Program Files\MATLAB\R2013a\bin\win64\libmwfl.dll
0x000000007a350000 - 0x000000007a737000 	C:\Program Files\MATLAB\R2013a\bin\win64\libmwMATLAB_res.dll
0x00000000631c0000 - 0x000000006329f000 	C:\Program Files\MATLAB\R2013a\bin\win64\boost_regex-vc100-mt-1_49.dll
0x0000000076c00000 - 0x0000000076cfa000 	C:\Windows\system32\USER32.dll
0x000007fefe990000 - 0x000007fefe9f7000 	C:\Windows\system32\GDI32.dll
0x000007fefd8e0000 - 0x000007fefd8ee000 	C:\Windows\system32\LPK.dll
0x000007fefe760000 - 0x000007fefe82b000 	C:\Windows\system32\USP10.dll
0x0000000063800000 - 0x0000000063811000 	C:\Program Files\MATLAB\R2013a\bin\win64\boost_signals-vc100-mt-1_49.dll
0x00000000637e0000 - 0x00000000637f1000 	C:\Program Files\MATLAB\R2013a\bin\win64\boost_thread-vc100-mt-1_49.dll
0x000007fef0e30000 - 0x000007fef0ebc000 	C:\Program Files\MATLAB\R2013a\bin\win64\boost_log-vc100-mt-1_49.dll
0x0000000076ec0000 - 0x0000000076ec7000 	C:\Windows\system32\PSAPI.DLL
0x000007fefeaa0000 - 0x000007fefeaed000 	C:\Windows\system32\WS2_32.dll
0x000007fefe960000 - 0x000007fefe968000 	C:\Windows\system32\NSI.dll
0x000007fef2ea0000 - 0x000007fef2ed3000 	C:\Program Files\MATLAB\R2013a\bin\win64\tbb.dll
0x000007fefe970000 - 0x000007fefe989000 	C:\Windows\system32\imagehlp.dll
0x000007fefb7b0000 - 0x000007fefb7dc000 	C:\Windows\system32\POWRPROF.dll
0x000007fefd3f0000 - 0x000007fefd5c7000 	C:\Windows\system32\SETUPAPI.dll
0x000007fefca20000 - 0x000007fefca56000 	C:\Windows\system32\CFGMGR32.dll
0x000007fefd180000 - 0x000007fefd25a000 	C:\Windows\system32\OLEAUT32.dll
0x000007fefd6e0000 - 0x000007fefd8dc000 	C:\Windows\system32\ole32.dll
0x000007fefca60000 - 0x000007fefca7a000 	C:\Windows\system32\DEVOBJ.dll
0x0000000004210000 - 0x0000000004231000 	C:\Program Files\MATLAB\R2013a\bin\win64\libmwmfl_scalar.dll
0x000007fef9f80000 - 0x000007fefa0a5000 	C:\Windows\system32\dbghelp.dll
0x0000000004240000 - 0x000000000456f000 	C:\Program Files\MATLAB\R2013a\bin\win64\libmwservices.dll
0x0000000075a20000 - 0x0000000075b0b000 	C:\Program Files\MATLAB\R2013a\bin\win64\libmx.dll
0x000007fef2b60000 - 0x000007fef2b88000 	C:\Program Files\MATLAB\R2013a\bin\win64\tbbmalloc.dll
0x00000000637c0000 - 0x00000000637d7000 	C:\Program Files\MATLAB\R2013a\bin\win64\zlib1.dll
0x0000000004570000 - 0x00000000045be000 	C:\Program Files\MATLAB\R2013a\bin\win64\libmwregexp.dll
0x0000000075f10000 - 0x0000000075f57000 	C:\Program Files\MATLAB\R2013a\bin\win64\mpath.dll
0x000000007b680000 - 0x000000007bc66000 	C:\Program Files\MATLAB\R2013a\bin\win64\mlutil.dll
0x00000000754d0000 - 0x0000000075547000 	C:\Program Files\MATLAB\R2013a\bin\win64\xmlcore.dll
0x0000000061b10000 - 0x0000000061d51000 	C:\Program Files\MATLAB\R2013a\bin\win64\xerces-c_2_7.dll
0x00000000045d0000 - 0x00000000045f2000 	C:\Program Files\MATLAB\R2013a\bin\win64\libmwMATLAB_settings_res.dll
0x000007fef2e90000 - 0x000007fef2ea0000 	C:\Program Files\MATLAB\R2013a\bin\win64\boost_iostreams-vc100-mt-1_49.dll
0x000007feeec40000 - 0x000007feeec86000 	C:\Program Files\MATLAB\R2013a\bin\win64\boost_serialization-vc100-mt-1_49.dll
0x000007fefd8f0000 - 0x000007fefe67b000 	C:\Windows\system32\SHELL32.dll
0x000007fefce30000 - 0x000007fefcea1000 	C:\Windows\system32\SHLWAPI.dll
0x0000000004600000 - 0x0000000004606000 	C:\Program Files\MATLAB\R2013a\bin\win64\libmwnativedisplay.dll
0x000007fef90d0000 - 0x000007fef9170000 	C:\Windows\WinSxS\amd64_microsoft.windows.common-controls_6595b64144ccf1df_5.82.7601.18837_none_a4d981ff711297b6\COMCTL32.dll
0x000007fefea00000 - 0x000007fefea97000 	C:\Windows\system32\COMDLG32.dll
0x000007fefa890000 - 0x000007fefa8a6000 	C:\Windows\system32\NETAPI32.dll
0x000007fefc2a0000 - 0x000007fefc2ac000 	C:\Windows\system32\netutils.dll
0x000007fefc3f0000 - 0x000007fefc413000 	C:\Windows\system32\srvcli.dll
0x000007fefa8b0000 - 0x000007fefa8c5000 	C:\Windows\system32\wkscli.dll
0x0000000074970000 - 0x0000000074a18000 	C:\Program Files\MATLAB\R2013a\bin\win64\mcr.dll
0x0000000075000000 - 0x00000000753b1000 	C:\Program Files\MATLAB\R2013a\bin\win64\iqm.dll
0x0000000074e80000 - 0x0000000074f30000 	C:\Program Files\MATLAB\R2013a\bin\win64\m_dispatcher.dll
0x0000000004610000 - 0x0000000004e18000 	C:\Program Files\MATLAB\R2013a\bin\win64\m_interpreter.dll
0x0000000004e20000 - 0x0000000004e44000 	C:\Program Files\MATLAB\R2013a\bin\win64\libmex.dll
0x0000000075430000 - 0x00000000754ab000 	C:\Program Files\MATLAB\R2013a\bin\win64\profiler.dll
0x0000000004e50000 - 0x00000000050d3000 	C:\Program Files\MATLAB\R2013a\bin\win64\libmwmathutil.dll
0x0000000079f40000 - 0x0000000079f66000 	C:\Program Files\MATLAB\R2013a\bin\win64\libmwmathrng.dll
0x00000000050e0000 - 0x00000000050f0000 	C:\Program Files\MATLAB\R2013a\bin\win64\libmwmfl_rng.dll
0x0000000074c10000 - 0x0000000074cf8000 	C:\Program Files\MATLAB\R2013a\bin\win64\libmwmathcore.dll
0x0000000076160000 - 0x00000000761c3000 	C:\Program Files\MATLAB\R2013a\bin\win64\libmwspmatrix.dll
0x000000007b0a0000 - 0x000000007b2f6000 	C:\Program Files\MATLAB\R2013a\bin\win64\mcos.dll
0x0000000075ea0000 - 0x0000000075f02000 	C:\Program Files\MATLAB\R2013a\bin\win64\libmwcholmod.dll
0x0000000005100000 - 0x000000000510d000 	C:\Program Files\MATLAB\R2013a\bin\win64\libmwamd.dll
0x0000000072790000 - 0x0000000072833000 	C:\Windows\WinSxS\amd64_microsoft.vc90.crt_1fc8b3b9a1e18e3b_9.0.30729.6161_none_08e61857a83bc251\MSVCR90.dll
0x0000000005120000 - 0x000000000512c000 	C:\Program Files\MATLAB\R2013a\bin\win64\libmwcolamd.dll
0x000000007a290000 - 0x000000007a2a3000 	C:\Program Files\MATLAB\R2013a\bin\win64\libmwblas.dll
0x000000007a310000 - 0x000000007a325000 	C:\Program Files\MATLAB\R2013a\bin\win64\libmwbinder.dll
0x0000000005140000 - 0x000000000514b000 	C:\Program Files\MATLAB\R2013a\bin\win64\libmwompwrapper.dll
0x0000000075820000 - 0x000000007589e000 	C:\Program Files\MATLAB\R2013a\bin\win64\libmwlapack.dll
0x000000007a1b0000 - 0x000000007a1d0000 	C:\Program Files\MATLAB\R2013a\bin\win64\m_pcodeio.dll
0x0000000079b10000 - 0x0000000079b6c000 	C:\Program Files\MATLAB\R2013a\bin\win64\m_ir.dll
0x0000000078ed0000 - 0x0000000079579000 	C:\Program Files\MATLAB\R2013a\bin\win64\m_parser.dll
0x000000007a2f0000 - 0x000000007a307000 	C:\Program Files\MATLAB\R2013a\bin\win64\ir_xfmr.dll
0x0000000005150000 - 0x0000000005160000 	C:\Program Files\MATLAB\R2013a\bin\win64\mtok.dll
0x000000007a130000 - 0x000000007a158000 	C:\Program Files\MATLAB\R2013a\bin\win64\m_pcodegen.dll
0x0000000079fb0000 - 0x0000000079fdf000 	C:\Program Files\MATLAB\R2013a\bin\win64\libmwbridge.dll
0x0000000074f40000 - 0x0000000074ff6000 	C:\Program Files\MATLAB\R2013a\bin\win64\udd.dll
0x0000000073cc0000 - 0x0000000073e0e000 	C:\Program Files\MATLAB\R2013a\bin\win64\libmwgui.dll
0x000000007a1d0000 - 0x000000007a1f4000 	C:\Program Files\MATLAB\R2013a\bin\win64\graphics_util.dll
0x000007fee9720000 - 0x000007fee97d8000 	C:\Program Files\MATLAB\R2013a\bin\win64\libtex_base.dll
0x0000000005160000 - 0x0000000005aa3000 	C:\Program Files\MATLAB\R2013a\bin\win64\hg.dll
0x0000000076100000 - 0x000000007615a000 	C:\Program Files\MATLAB\R2013a\bin\win64\libmat.dll
0x0000000072d30000 - 0x0000000072f38000 	C:\Program Files\MATLAB\R2013a\bin\win64\hdf5dll.dll
0x0000000075710000 - 0x00000000757d8000 	C:\Program Files\MATLAB\R2013a\bin\win64\jmi.dll
0x0000000005ac0000 - 0x0000000005ace000 	C:\Program Files\MATLAB\R2013a\bin\win64\nativejava_services.dll
0x0000000005ad0000 - 0x0000000005b10000 	C:\Program Files\MATLAB\R2013a\bin\win64\libmwhardcopy.dll
0x0000000075c70000 - 0x0000000075cce000 	C:\Program Files\MATLAB\R2013a\bin\win64\libuij.dll
0x0000000072f50000 - 0x000000007318f000 	C:\Program Files\MATLAB\R2013a\bin\win64\hgdatatypes.dll
0x0000000005b10000 - 0x0000000005bfb000 	C:\Program Files\MATLAB\R2013a\bin\win64\hgutils.dll
0x0000000005c00000 - 0x0000000005cae000 	C:\Program Files\MATLAB\R2013a\bin\win64\udd_mi.dll
0x0000000005cb0000 - 0x0000000005ce6000 	C:\Program Files\MATLAB\R2013a\bin\win64\libmwgbtutils.dll
0x0000000005cf0000 - 0x0000000005d04000 	C:\Program Files\MATLAB\R2013a\bin\win64\libmwgbt.dll
0x0000000005d10000 - 0x0000000005fde000 	C:\Program Files\MATLAB\R2013a\bin\win64\uiw.dll
0x0000000005fe0000 - 0x0000000005fe9000 	C:\Program Files\MATLAB\R2013a\bin\win64\uinone.dll
0x0000000005ff0000 - 0x0000000006016000 	C:\Program Files\MATLAB\R2013a\bin\win64\libmwnativefiledialogs.dll
0x0000000006020000 - 0x000000000602c000 	C:\Program Files\MATLAB\R2013a\bin\win64\libmwplatform_res.dll
0x000007fefa100000 - 0x000007fefa118000 	C:\Windows\system32\MPR.dll
0x000000005b410000 - 0x000000005b96d000 	C:\Program Files\MATLAB\R2013a\bin\win64\mfc100.dll
0x000007fef90c0000 - 0x000007fef90c7000 	C:\Windows\system32\MSIMG32.dll
0x000007fef8fd0000 - 0x000007fef9041000 	C:\Windows\system32\WINSPOOL.DRV
0x0000000006030000 - 0x000000000604d000 	C:\Program Files\MATLAB\R2013a\bin\win64\mwoles05.DLL
0x0000000006050000 - 0x00000000060bc000 	C:\Program Files\MATLAB\R2013a\bin\win64\comcli.dll
0x0000000063790000 - 0x00000000637bb000 	C:\Program Files\MATLAB\R2013a\bin\win64\ATL100.DLL
0x00000000060c0000 - 0x00000000060cc000 	C:\Program Files\MATLAB\R2013a\bin\win64\mlautoregister.dll
0x00000000060d0000 - 0x0000000006226000 	C:\Program Files\MATLAB\R2013a\bin\win64\mvm.dll
0x000007fefc800000 - 0x000007fefc857000 	C:\Windows\system32\apphelp.dll
0x000007feeddc0000 - 0x000007feede11000 	C:\Windows\AppPatch\AppPatch64\AcGenral.DLL
0x000007fefc7c0000 - 0x000007fefc7e5000 	C:\Windows\system32\SspiCli.dll
0x000000006c2c0000 - 0x000000006c2c3000 	C:\Windows\system32\sfc.dll
0x000007fef7b60000 - 0x000007fef7b70000 	C:\Windows\system32\sfc_os.DLL
0x000007fefcca0000 - 0x000007fefccbe000 	C:\Windows\system32\USERENV.dll
0x000007fefc9f0000 - 0x000007fefc9ff000 	C:\Windows\system32\profapi.dll

VM Arguments:
jvm_args: -XX:PermSize=32m -Xms64m -XX:NewRatio=3 -XX:MaxPermSize=128m -Xmx196m -XX:MaxDirectMemorySize=2147400000 -Dsun.java2d.noddraw=true -Dsun.awt.nopixfmt=true -Xshare:off -Xrs -Dsun.awt.disableMixing=true -Djava.library.path=C:\Program Files\MATLAB\R2013a\bin\win64;C:\Program Files\MATLAB\R2013a\sys\jxbrowser\win64\lib vfprintf abort 
java_command: <unknown>
Launcher Type: generic

Environment Variables:
PATH=C:\Program Files\Microsoft MPI\Bin\;C:\Program Files (x86)\INRO\Emme\Emme 4\Emme-4.0.8\programs;C:\Program Files\Common Files\Siemens\Automation\Simatic OAM\bin;c:\Windows\System32;c:\Windows\System32\wbem;c:\Windows\System32\WINDOW~1\v1.0;c:\Windows;C:\PROGRA~3\Oracle\Java\javapath;c:\PROGRA~1\TORTOI~1\bin;c:\PROGRA~1\COMMON~1\AUTODE~1;c:\PROGRA~2\Autodesk\BACKBU~1;C:\oraclexe\app\oracle\product\112~1.0\server\bin;C:\PROGRA~2\MI3EDC~1\80\Tools\Binn;C:\PROGRA~2\COMMON~1\ASPENT~1\;C:\PROGRA~2\MPICH2\bin;C:\PROGRA~2\MICROS~2.NET\ASP~1.NET\v1.0;C:\PROGRA~2\WI3CF2~1\8.0\WINDOW~1;C:\PROGRA~2\IVIFOU~1\IVI\Bin;C:\PROGRA~1\IVIFOU~1\IVI\Bin;C:\PROGRA~2\IVIFOU~1\VISA\WinNT\Bin;C:\PROGRA~1\IVIFOU~1\VISA\Win64\Bin;C:\Tcl\bin;C:\IFOR\WIN\BIN;C:\IFOR\WIN\BIN\EN_US;C:\PROGRA~2\IVIFOU~1\VISA\WinNT\Bin;C:\PROGRA~2\MI3EDC~1\110\Tools\Binn;C:\PROGRA~1\MI3EDC~1\110\Tools\Binn;C:\PROGRA~1\MI3EDC~1\110\DTS\Binn;C:\PROGRA~2\MI3EDC~1\110\Tools\Binn\MANAGE~1;C:\PROGRA~2\MI3EDC~1\110\DTS\Binn;C:\Program Files\Common Files\Autodesk Shared\;C:\Program Files (x86)\Autodesk\Backburner\;C:\Program Files (x86)\OMICRON\Test Universe\Apps\;C:\Program Files (x86)\Common Files\Siemens\Energy\TimeZoneCalculations\bin;C:\Windows\Microsoft.NET\Framework\v2.0.50727;C:\Program Files (x86)\Windows Kits\8.1\Windows Performance Toolkit\;C:\Program Files\MATLAB\R2015a\runtime\win64;C:\Program Files\MATLAB\R2015a\bin;C:\Program Files\Microsoft SQL Server\110\Tools\Binn\;c:\Program Files (x86)\Microsoft SQL Server\110\Tools\Binn\ManagementStudio\;c:\Program Files (x86)\Microsoft SQL Server\110\Tools\Binn\;c:\Program Files (x86)\Microsoft SQL Server\110\DTS\Binn\;C:\Program Files\MATLAB\R2013b\runtime\win64;C:\Program Files\MATLAB\R2013b\bin;C:\Program Files\MATLAB\R2013a\runtime\win64;C:\Program Files\MATLAB\R2013a\bin;c:\Program Files\Microsoft SQL Server\110\DTS\Binn\;AspenTech\Aspen Hydraulics
USERNAME=s4357594
DISPLAY=:0.0
OS=Windows_NT
PROCESSOR_IDENTIFIER=Intel64 Family 6 Model 45 Stepping 7, GenuineIntel



---------------  S Y S T E M  ---------------

OS: Windows 7 Build 7601 Service Pack 1

CPU:total 4 (16 cores per cpu, 2 threads per core) family 6 model 45 stepping 7, cmov, cx8, fxsr, mmx, sse, sse2, sse3, ssse3, sse4.1, sse4.2, ht

Memory: 4k page, physical 8331472k(1988832k free), swap 12523916k(5952908k free)

vm_info: Java HotSpot(TM) 64-Bit Server VM (14.3-b01) for windows-amd64 JRE (1.6.0_17-b04), built on Oct 11 2009 00:46:08 by "java_re" with MS VC++ 8.0

time: Thu Sep 21 04:48:45 2017
elapsed time: 6204 seconds

